
> comcoach-frontend-next@0.1.0 dev
> next dev --hostname 127.0.0.1 --port 3002

   ▲ Next.js 15.5.19
   - Local:        http://127.0.0.1:3002
   - Network:      http://127.0.0.1:3002

 ✓ Starting...
 ✓ Ready in 7.7s
 ○ Compiling / ...
 ✓ Compiled / in 29.4s (753 modules)
 GET / 200 in 31998ms
 ○ Compiling /_not-found ...
 ✓ Compiled /_not-found in 6.3s (758 modules)
 GET /UNext_Logo.png 404 in 6954ms
 GET / 200 in 648ms
 GET / 200 in 304ms
 GET / 200 in 199ms
 GET / 200 in 288ms
 GET /UNext_Logo.png 404 in 159ms
 GET / 200 in 288ms
 ○ Compiling /admin ...
 ✓ Compiled /admin in 6s (805 modules)
 GET /admin 200 in 6569ms
 GET / 200 in 651ms
 GET /admin 200 in 102ms
 GET / 200 in 76ms
 GET /UNext_Logo.png 404 in 194ms
 GET / 200 in 1276ms
 GET / 200 in 333ms
