node:internal/fs/watchers:321
    const error = new UVException({
                  ^

Error: EBUSY: resource busy or locked, watch 'D:\EvalTool\Tools\ConvAI\artifacts\interview-app\public\images\unext-mark.svg'
    at FSWatcher.<computed> (node:internal/fs/watchers:321:19)
    at Object.watch (node:fs:2548:36)
    at createFsWatchInstance (file:///D:/EvalTool/Tools/ConvAI/artifacts/interview-app/node_modules/vite/dist/node/chunks/config.js:12958:16)
    at setFsWatchListener (file:///D:/EvalTool/Tools/ConvAI/artifacts/interview-app/node_modules/vite/dist/node/chunks/config.js:13000:14)
    at NodeFsHandler$1._watchWithNodeFs (file:///D:/EvalTool/Tools/ConvAI/artifacts/interview-app/node_modules/vite/dist/node/chunks/config.js:13114:20)
    at NodeFsHandler$1._handleFile (file:///D:/EvalTool/Tools/ConvAI/artifacts/interview-app/node_modules/vite/dist/node/chunks/config.js:13158:24)
    at NodeFsHandler$1._addToNodeFs (file:///D:/EvalTool/Tools/ConvAI/artifacts/interview-app/node_modules/vite/dist/node/chunks/config.js:13332:26)
Emitted 'error' event on FSWatcher instance at:
    at FSWatcher._handleError (file:///D:/EvalTool/Tools/ConvAI/artifacts/interview-app/node_modules/vite/dist/node/chunks/config.js:14133:148)
    at NodeFsHandler$1._addToNodeFs (file:///D:/EvalTool/Tools/ConvAI/artifacts/interview-app/node_modules/vite/dist/node/chunks/config.js:13337:18) {
  errno: -4082,
  syscall: 'watch',
  code: 'EBUSY',
  path: 'D:\\EvalTool\\Tools\\ConvAI\\artifacts\\interview-app\\public\\images\\unext-mark.svg',
  filename: 'D:\\EvalTool\\Tools\\ConvAI\\artifacts\\interview-app\\public\\images\\unext-mark.svg'
}

Node.js v24.16.0
